<?xml version="1.0" encoding="UTF-8"?>
<testsuite name="com.example.book.springboot.web.domain.posts.PostsRepositoryTest" tests="2" skipped="0" failures="0" errors="0" timestamp="2022-05-09T01:42:24" hostname="gimseongtaeui-MacBookAir.local" time="0.017">
  <properties/>
  <testcase name="게시글저장_불러오기()" classname="com.example.book.springboot.web.domain.posts.PostsRepositoryTest" time="0.008"/>
  <testcase name="BaseTimeEntity_등록()" classname="com.example.book.springboot.web.domain.posts.PostsRepositoryTest" time="0.009"/>
  <system-out><![CDATA[2022-05-09 10:42:23.633  INFO 42084 --- [    Test worker] .b.t.c.SpringBootTestContextBootstrapper : Neither @ContextConfiguration nor @ContextHierarchy found for test class [com.example.book.springboot.web.domain.posts.PostsRepositoryTest], using SpringBootContextLoader
2022-05-09 10:42:23.633  INFO 42084 --- [    Test worker] o.s.t.c.support.AbstractContextLoader    : Could not detect default resource locations for test class [com.example.book.springboot.web.domain.posts.PostsRepositoryTest]: no resource found for suffixes {-context.xml, Context.groovy}.
2022-05-09 10:42:23.633  INFO 42084 --- [    Test worker] t.c.s.AnnotationConfigContextLoaderUtils : Could not detect default configuration classes for test class [com.example.book.springboot.web.domain.posts.PostsRepositoryTest]: PostsRepositoryTest does not declare any static, non-private, non-final, nested classes annotated with @Configuration.
2022-05-09 10:42:23.636  INFO 42084 --- [    Test worker] .b.t.c.SpringBootTestContextBootstrapper : Found @SpringBootConfiguration com.example.book.springboot.Application for test class com.example.book.springboot.web.domain.posts.PostsRepositoryTest
2022-05-09 10:42:23.636  INFO 42084 --- [    Test worker] .b.t.c.SpringBootTestContextBootstrapper : Loaded default TestExecutionListener class names from location [META-INF/spring.factories]: [org.springframework.security.test.context.support.WithSecurityContextTestExecutionListener, org.springframework.security.test.context.support.ReactorContextTestExecutionListener, org.springframework.boot.test.autoconfigure.restdocs.RestDocsTestExecutionListener, org.springframework.boot.test.autoconfigure.web.client.MockRestServiceServerResetTestExecutionListener, org.springframework.boot.test.autoconfigure.web.servlet.MockMvcPrintOnlyOnFailureTestExecutionListener, org.springframework.boot.test.autoconfigure.web.servlet.WebDriverTestExecutionListener, org.springframework.boot.test.autoconfigure.webservices.client.MockWebServiceServerTestExecutionListener, org.springframework.boot.test.mock.mockito.MockitoTestExecutionListener, org.springframework.boot.test.mock.mockito.ResetMocksTestExecutionListener, org.springframework.test.context.web.ServletTestExecutionListener, org.springframework.test.context.support.DirtiesContextBeforeModesTestExecutionListener, org.springframework.test.context.event.ApplicationEventsTestExecutionListener, org.springframework.test.context.support.DependencyInjectionTestExecutionListener, org.springframework.test.context.support.DirtiesContextTestExecutionListener, org.springframework.test.context.transaction.TransactionalTestExecutionListener, org.springframework.test.context.jdbc.SqlScriptsTestExecutionListener, org.springframework.test.context.event.EventPublishingTestExecutionListener]
2022-05-09 10:42:23.637  INFO 42084 --- [    Test worker] .b.t.c.SpringBootTestContextBootstrapper : Using TestExecutionListeners: [org.springframework.test.context.web.ServletTestExecutionListener@673218b2, org.springframework.test.context.support.DirtiesContextBeforeModesTestExecutionListener@7ba5d307, org.springframework.test.context.event.ApplicationEventsTestExecutionListener@529a2d6f, org.springframework.boot.test.mock.mockito.MockitoTestExecutionListener@4a28b6d0, org.springframework.boot.test.autoconfigure.SpringBootDependencyInjectionTestExecutionListener@3d28c0af, org.springframework.test.context.support.DirtiesContextTestExecutionListener@684001e6, org.springframework.test.context.transaction.TransactionalTestExecutionListener@6bb2b8d4, org.springframework.test.context.jdbc.SqlScriptsTestExecutionListener@64230d44, org.springframework.security.test.context.support.WithSecurityContextTestExecutionListener@1ff584d7, org.springframework.test.context.event.EventPublishingTestExecutionListener@7752f9fe, org.springframework.security.test.context.support.ReactorContextTestExecutionListener@9588bd8, org.springframework.boot.test.autoconfigure.restdocs.RestDocsTestExecutionListener@75edfe9a, org.springframework.boot.test.autoconfigure.web.client.MockRestServiceServerResetTestExecutionListener@468d1fcc, org.springframework.boot.test.autoconfigure.web.servlet.MockMvcPrintOnlyOnFailureTestExecutionListener@267093ea, org.springframework.boot.test.autoconfigure.web.servlet.WebDriverTestExecutionListener@6b3bcab7, org.springframework.boot.test.autoconfigure.webservices.client.MockWebServiceServerTestExecutionListener@7138e064, org.springframework.boot.test.mock.mockito.ResetMocksTestExecutionListener@5fe5f2f0]

  .   ____          _            __ _ _
 /\\ / ___'_ __ _ _(_)_ __  __ _ \ \ \ \
( ( )\___ | '_ | '_| | '_ \/ _` | \ \ \ \
 \\/  ___)| |_)| | | | | || (_| |  ) ) ) )
  '  |____| .__|_| |_|_| |_\__, | / / / /
 =========|_|==============|___/=/_/_/_/
 :: Spring Boot ::                (v2.6.5)

2022-05-09 10:42:23.646  INFO 42084 --- [    Test worker] c.e.b.s.w.d.posts.PostsRepositoryTest    : Starting PostsRepositoryTest using Java 11.0.14.1 on gimseongtaeui-MacBookAir.local with PID 42084 (started by kimseongtae in /Users/kimseongtae/Intellij-workspace/book)
2022-05-09 10:42:23.646  INFO 42084 --- [    Test worker] c.e.b.s.w.d.posts.PostsRepositoryTest    : The following 1 profile is active: "oauth"
2022-05-09 10:42:23.716  INFO 42084 --- [    Test worker] .s.d.r.c.RepositoryConfigurationDelegate : Bootstrapping Spring Data JPA repositories in DEFAULT mode.
2022-05-09 10:42:23.720  INFO 42084 --- [    Test worker] .s.d.r.c.RepositoryConfigurationDelegate : Finished Spring Data repository scanning in 4 ms. Found 2 JPA repository interfaces.
2022-05-09 10:42:23.774  INFO 42084 --- [    Test worker] com.zaxxer.hikari.HikariDataSource       : HikariPool-2 - Starting...
2022-05-09 10:42:23.774  INFO 42084 --- [    Test worker] com.zaxxer.hikari.HikariDataSource       : HikariPool-2 - Start completed.
2022-05-09 10:42:23.787  INFO 42084 --- [    Test worker] o.hibernate.jpa.internal.util.LogHelper  : HHH000204: Processing PersistenceUnitInfo [name: default]
2022-05-09 10:42:23.789  INFO 42084 --- [    Test worker] org.hibernate.dialect.Dialect            : HHH000400: Using dialect: org.hibernate.dialect.MySQL57Dialect
Hibernate: drop table if exists posts
Hibernate: drop table if exists user
Hibernate: create table posts (id bigint not null auto_increment, created_date datetime(6), modified_date datetime(6), author varchar(255), content TEXT not null, title varchar(500) not null, primary key (id)) engine=InnoDB
Hibernate: create table user (id bigint not null auto_increment, created_date datetime(6), modified_date datetime(6), email varchar(255) not null, name varchar(255) not null, picture varchar(255), role varchar(255), primary key (id)) engine=InnoDB
2022-05-09 10:42:23.819  INFO 42084 --- [    Test worker] o.h.e.t.j.p.i.JtaPlatformInitiator       : HHH000490: Using JtaPlatform implementation: [org.hibernate.engine.transaction.jta.platform.internal.NoJtaPlatform]
2022-05-09 10:42:23.819  INFO 42084 --- [    Test worker] j.LocalContainerEntityManagerFactoryBean : Initialized JPA EntityManagerFactory for persistence unit 'default'
2022-05-09 10:42:23.872  WARN 42084 --- [    Test worker] JpaBaseConfiguration$JpaWebConfiguration : spring.jpa.open-in-view is enabled by default. Therefore, database queries may be performed during view rendering. Explicitly configure spring.jpa.open-in-view to disable this warning
2022-05-09 10:42:23.930  INFO 42084 --- [    Test worker] o.s.s.web.DefaultSecurityFilterChain     : Will not secure any request
2022-05-09 10:42:23.993  INFO 42084 --- [    Test worker] o.s.b.a.h2.H2ConsoleAutoConfiguration    : H2 console available at '/h2-console'. Database available at 'jdbc:h2:mem:testdb'
2022-05-09 10:42:24.002  INFO 42084 --- [    Test worker] o.s.b.a.w.s.WelcomePageHandlerMapping    : Adding welcome page template: index
2022-05-09 10:42:24.077  INFO 42084 --- [    Test worker] s.a.ScheduledAnnotationBeanPostProcessor : No TaskScheduler/ScheduledExecutorService bean found for scheduled processing
2022-05-09 10:42:24.077  INFO 42084 --- [    Test worker] c.e.b.s.w.d.posts.PostsRepositoryTest    : Started PostsRepositoryTest in 0.439 seconds (JVM running for 4.192)
Hibernate: insert into posts (created_date, modified_date, author, content, title) values (?, ?, ?, ?, ?)
Hibernate: select posts0_.id as id1_0_, posts0_.created_date as created_2_0_, posts0_.modified_date as modified3_0_, posts0_.author as author4_0_, posts0_.content as content5_0_, posts0_.title as title6_0_ from posts posts0_
Hibernate: select posts0_.id as id1_0_, posts0_.created_date as created_2_0_, posts0_.modified_date as modified3_0_, posts0_.author as author4_0_, posts0_.content as content5_0_, posts0_.title as title6_0_ from posts posts0_
Hibernate: delete from posts where id=?
Hibernate: insert into posts (created_date, modified_date, author, content, title) values (?, ?, ?, ?, ?)
Hibernate: select posts0_.id as id1_0_, posts0_.created_date as created_2_0_, posts0_.modified_date as modified3_0_, posts0_.author as author4_0_, posts0_.content as content5_0_, posts0_.title as title6_0_ from posts posts0_
>>>>>>>>>> createDate=2022-05-09T10:42:24.088389, modifiedDate=2022-05-09T10:42:24.088389
Hibernate: select posts0_.id as id1_0_, posts0_.created_date as created_2_0_, posts0_.modified_date as modified3_0_, posts0_.author as author4_0_, posts0_.content as content5_0_, posts0_.title as title6_0_ from posts posts0_
Hibernate: delete from posts where id=?
]]></system-out>
  <system-err><![CDATA[]]></system-err>
</testsuite>
