<?xml version="1.0" encoding="UTF-8"?>
<testsuite name="com.example.book.springboot.web.PostsApiControllerTest" tests="2" skipped="0" failures="0" errors="0" timestamp="2022-05-09T01:42:23" hostname="gimseongtaeui-MacBookAir.local" time="0.09">
  <properties/>
  <testcase name="Posts_등록된다()" classname="com.example.book.springboot.web.PostsApiControllerTest" time="0.074"/>
  <testcase name="Posts_수정된다()" classname="com.example.book.springboot.web.PostsApiControllerTest" time="0.015"/>
  <system-out><![CDATA[2022-05-09 10:42:23.536  INFO 42084 --- [    Test worker] .b.t.c.SpringBootTestContextBootstrapper : Neither @ContextConfiguration nor @ContextHierarchy found for test class [com.example.book.springboot.web.PostsApiControllerTest], using SpringBootContextLoader
2022-05-09 10:42:23.536  INFO 42084 --- [    Test worker] o.s.t.c.support.AbstractContextLoader    : Could not detect default resource locations for test class [com.example.book.springboot.web.PostsApiControllerTest]: no resource found for suffixes {-context.xml, Context.groovy}.
2022-05-09 10:42:23.536  INFO 42084 --- [    Test worker] t.c.s.AnnotationConfigContextLoaderUtils : Could not detect default configuration classes for test class [com.example.book.springboot.web.PostsApiControllerTest]: PostsApiControllerTest does not declare any static, non-private, non-final, nested classes annotated with @Configuration.
2022-05-09 10:42:23.537  INFO 42084 --- [    Test worker] .b.t.c.SpringBootTestContextBootstrapper : Found @SpringBootConfiguration com.example.book.springboot.Application for test class com.example.book.springboot.web.PostsApiControllerTest
2022-05-09 10:42:23.537  INFO 42084 --- [    Test worker] .b.t.c.SpringBootTestContextBootstrapper : Loaded default TestExecutionListener class names from location [META-INF/spring.factories]: [org.springframework.security.test.context.support.WithSecurityContextTestExecutionListener, org.springframework.security.test.context.support.ReactorContextTestExecutionListener, org.springframework.boot.test.autoconfigure.restdocs.RestDocsTestExecutionListener, org.springframework.boot.test.autoconfigure.web.client.MockRestServiceServerResetTestExecutionListener, org.springframework.boot.test.autoconfigure.web.servlet.MockMvcPrintOnlyOnFailureTestExecutionListener, org.springframework.boot.test.autoconfigure.web.servlet.WebDriverTestExecutionListener, org.springframework.boot.test.autoconfigure.webservices.client.MockWebServiceServerTestExecutionListener, org.springframework.boot.test.mock.mockito.MockitoTestExecutionListener, org.springframework.boot.test.mock.mockito.ResetMocksTestExecutionListener, org.springframework.test.context.web.ServletTestExecutionListener, org.springframework.test.context.support.DirtiesContextBeforeModesTestExecutionListener, org.springframework.test.context.event.ApplicationEventsTestExecutionListener, org.springframework.test.context.support.DependencyInjectionTestExecutionListener, org.springframework.test.context.support.DirtiesContextTestExecutionListener, org.springframework.test.context.transaction.TransactionalTestExecutionListener, org.springframework.test.context.jdbc.SqlScriptsTestExecutionListener, org.springframework.test.context.event.EventPublishingTestExecutionListener]
2022-05-09 10:42:23.538  INFO 42084 --- [    Test worker] .b.t.c.SpringBootTestContextBootstrapper : Using TestExecutionListeners: [org.springframework.test.context.web.ServletTestExecutionListener@10bf2185, org.springframework.test.context.support.DirtiesContextBeforeModesTestExecutionListener@14c06f50, org.springframework.test.context.event.ApplicationEventsTestExecutionListener@6230a15a, org.springframework.boot.test.mock.mockito.MockitoTestExecutionListener@7225f871, org.springframework.boot.test.autoconfigure.SpringBootDependencyInjectionTestExecutionListener@1bff4cb9, org.springframework.test.context.support.DirtiesContextTestExecutionListener@c521a79, org.springframework.test.context.transaction.TransactionalTestExecutionListener@6b0f50d8, org.springframework.test.context.jdbc.SqlScriptsTestExecutionListener@36b4cbb8, org.springframework.security.test.context.support.WithSecurityContextTestExecutionListener@57cfd353, org.springframework.test.context.event.EventPublishingTestExecutionListener@4bd29a01, org.springframework.security.test.context.support.ReactorContextTestExecutionListener@5a4a8a33, org.springframework.boot.test.autoconfigure.restdocs.RestDocsTestExecutionListener@4a3363c9, org.springframework.boot.test.autoconfigure.web.client.MockRestServiceServerResetTestExecutionListener@63cf6497, org.springframework.boot.test.autoconfigure.web.servlet.MockMvcPrintOnlyOnFailureTestExecutionListener@3c12f87d, org.springframework.boot.test.autoconfigure.web.servlet.WebDriverTestExecutionListener@3207e6de, org.springframework.boot.test.autoconfigure.webservices.client.MockWebServiceServerTestExecutionListener@637bf67c, org.springframework.boot.test.mock.mockito.ResetMocksTestExecutionListener@7b88dd58]
2022-05-09 10:42:23.543  INFO 42084 --- [    Test worker] o.a.c.c.C.[Tomcat].[localhost].[/]       : Initializing Spring TestDispatcherServlet ''
2022-05-09 10:42:23.543  INFO 42084 --- [    Test worker] o.s.t.web.servlet.TestDispatcherServlet  : Initializing Servlet ''
2022-05-09 10:42:23.543  INFO 42084 --- [    Test worker] o.s.t.web.servlet.TestDispatcherServlet  : Completed initialization in 0 ms
Hibernate: insert into posts (created_date, modified_date, author, content, title) values (?, ?, ?, ?, ?)
Hibernate: select posts0_.id as id1_0_, posts0_.created_date as created_2_0_, posts0_.modified_date as modified3_0_, posts0_.author as author4_0_, posts0_.content as content5_0_, posts0_.title as title6_0_ from posts posts0_
Hibernate: select posts0_.id as id1_0_, posts0_.created_date as created_2_0_, posts0_.modified_date as modified3_0_, posts0_.author as author4_0_, posts0_.content as content5_0_, posts0_.title as title6_0_ from posts posts0_
Hibernate: delete from posts where id=?
2022-05-09 10:42:23.615  INFO 42084 --- [    Test worker] o.a.c.c.C.[Tomcat].[localhost].[/]       : Initializing Spring TestDispatcherServlet ''
2022-05-09 10:42:23.616  INFO 42084 --- [    Test worker] o.s.t.web.servlet.TestDispatcherServlet  : Initializing Servlet ''
2022-05-09 10:42:23.616  INFO 42084 --- [    Test worker] o.s.t.web.servlet.TestDispatcherServlet  : Completed initialization in 0 ms
Hibernate: insert into posts (created_date, modified_date, author, content, title) values (?, ?, ?, ?, ?)
Hibernate: select posts0_.id as id1_0_0_, posts0_.created_date as created_2_0_0_, posts0_.modified_date as modified3_0_0_, posts0_.author as author4_0_0_, posts0_.content as content5_0_0_, posts0_.title as title6_0_0_ from posts posts0_ where posts0_.id=?
Hibernate: update posts set created_date=?, modified_date=?, author=?, content=?, title=? where id=?
Hibernate: select posts0_.id as id1_0_, posts0_.created_date as created_2_0_, posts0_.modified_date as modified3_0_, posts0_.author as author4_0_, posts0_.content as content5_0_, posts0_.title as title6_0_ from posts posts0_
Hibernate: select posts0_.id as id1_0_, posts0_.created_date as created_2_0_, posts0_.modified_date as modified3_0_, posts0_.author as author4_0_, posts0_.content as content5_0_, posts0_.title as title6_0_ from posts posts0_
Hibernate: delete from posts where id=?
]]></system-out>
  <system-err><![CDATA[]]></system-err>
</testsuite>
