<?xml version="1.0" encoding="UTF-8"?>
<testsuite name="com.example.book.springboot.web.IndexControllerTest" tests="1" skipped="0" failures="0" errors="0" timestamp="2022-05-19T09:35:44" hostname="gimseongtaeui-MacBookAir.local" time="0.074">
  <properties/>
  <testcase name="메인페이지_로딩()" classname="com.example.book.springboot.web.IndexControllerTest" time="0.074"/>
  <system-out><![CDATA[2022-05-19 18:35:44.364  INFO 9327 --- [    Test worker] .b.t.c.SpringBootTestContextBootstrapper : Neither @ContextConfiguration nor @ContextHierarchy found for test class [com.example.book.springboot.web.IndexControllerTest], using SpringBootContextLoader
2022-05-19 18:35:44.364  INFO 9327 --- [    Test worker] o.s.t.c.support.AbstractContextLoader    : Could not detect default resource locations for test class [com.example.book.springboot.web.IndexControllerTest]: no resource found for suffixes {-context.xml, Context.groovy}.
2022-05-19 18:35:44.364  INFO 9327 --- [    Test worker] t.c.s.AnnotationConfigContextLoaderUtils : Could not detect default configuration classes for test class [com.example.book.springboot.web.IndexControllerTest]: IndexControllerTest does not declare any static, non-private, non-final, nested classes annotated with @Configuration.
2022-05-19 18:35:44.365  INFO 9327 --- [    Test worker] .b.t.c.SpringBootTestContextBootstrapper : Found @SpringBootConfiguration com.example.book.springboot.Application for test class com.example.book.springboot.web.IndexControllerTest
2022-05-19 18:35:44.366  INFO 9327 --- [    Test worker] .b.t.c.SpringBootTestContextBootstrapper : Loaded default TestExecutionListener class names from location [META-INF/spring.factories]: [org.springframework.security.test.context.support.WithSecurityContextTestExecutionListener, org.springframework.security.test.context.support.ReactorContextTestExecutionListener, org.springframework.boot.test.autoconfigure.restdocs.RestDocsTestExecutionListener, org.springframework.boot.test.autoconfigure.web.client.MockRestServiceServerResetTestExecutionListener, org.springframework.boot.test.autoconfigure.web.servlet.MockMvcPrintOnlyOnFailureTestExecutionListener, org.springframework.boot.test.autoconfigure.web.servlet.WebDriverTestExecutionListener, org.springframework.boot.test.autoconfigure.webservices.client.MockWebServiceServerTestExecutionListener, org.springframework.boot.test.mock.mockito.MockitoTestExecutionListener, org.springframework.boot.test.mock.mockito.ResetMocksTestExecutionListener, org.springframework.test.context.web.ServletTestExecutionListener, org.springframework.test.context.support.DirtiesContextBeforeModesTestExecutionListener, org.springframework.test.context.event.ApplicationEventsTestExecutionListener, org.springframework.test.context.support.DependencyInjectionTestExecutionListener, org.springframework.test.context.support.DirtiesContextTestExecutionListener, org.springframework.test.context.transaction.TransactionalTestExecutionListener, org.springframework.test.context.jdbc.SqlScriptsTestExecutionListener, org.springframework.test.context.event.EventPublishingTestExecutionListener]
2022-05-19 18:35:44.367  INFO 9327 --- [    Test worker] .b.t.c.SpringBootTestContextBootstrapper : Using TestExecutionListeners: [org.springframework.test.context.web.ServletTestExecutionListener@1ef4179, org.springframework.test.context.support.DirtiesContextBeforeModesTestExecutionListener@322f6283, org.springframework.test.context.event.ApplicationEventsTestExecutionListener@168f447d, org.springframework.boot.test.mock.mockito.MockitoTestExecutionListener@4756c8f3, org.springframework.boot.test.autoconfigure.SpringBootDependencyInjectionTestExecutionListener@3cc9bde9, org.springframework.test.context.support.DirtiesContextTestExecutionListener@75bbeb89, org.springframework.test.context.transaction.TransactionalTestExecutionListener@197bf5ef, org.springframework.test.context.jdbc.SqlScriptsTestExecutionListener@681ba763, org.springframework.security.test.context.support.WithSecurityContextTestExecutionListener@19cc697c, org.springframework.test.context.event.EventPublishingTestExecutionListener@33012e6f, org.springframework.security.test.context.support.ReactorContextTestExecutionListener@7593716d, org.springframework.boot.test.autoconfigure.restdocs.RestDocsTestExecutionListener@4086e003, org.springframework.boot.test.autoconfigure.web.client.MockRestServiceServerResetTestExecutionListener@3a7be6e6, org.springframework.boot.test.autoconfigure.web.servlet.MockMvcPrintOnlyOnFailureTestExecutionListener@33c590, org.springframework.boot.test.autoconfigure.web.servlet.WebDriverTestExecutionListener@6ec5c4e2, org.springframework.boot.test.autoconfigure.webservices.client.MockWebServiceServerTestExecutionListener@1934a7c1, org.springframework.boot.test.mock.mockito.ResetMocksTestExecutionListener@7c9d2ed7]
Hibernate: select posts0_.id as id1_0_, posts0_.created_date as created_2_0_, posts0_.modified_date as modified3_0_, posts0_.author as author4_0_, posts0_.content as content5_0_, posts0_.title as title6_0_ from posts posts0_ order by posts0_.id DESC
]]></system-out>
  <system-err><![CDATA[]]></system-err>
</testsuite>
