<?xml version="1.0" encoding="UTF-8"?>
<testsuite name="com.example.book.springboot.web.HelloControllerTest" tests="2" skipped="0" failures="0" errors="0" timestamp="2022-05-19T09:35:44" hostname="gimseongtaeui-MacBookAir.local" time="0.07">
  <properties/>
  <testcase name="hello가_리턴된다()" classname="com.example.book.springboot.web.HelloControllerTest" time="0.018"/>
  <testcase name="helloDto가_리턴된다()" classname="com.example.book.springboot.web.HelloControllerTest" time="0.052"/>
  <system-out><![CDATA[2022-05-19 18:35:43.913  INFO 9327 --- [    Test worker] .b.t.a.w.s.WebMvcTestContextBootstrapper : Neither @ContextConfiguration nor @ContextHierarchy found for test class [com.example.book.springboot.web.HelloControllerTest], using SpringBootContextLoader
2022-05-19 18:35:43.913  INFO 9327 --- [    Test worker] o.s.t.c.support.AbstractContextLoader    : Could not detect default resource locations for test class [com.example.book.springboot.web.HelloControllerTest]: no resource found for suffixes {-context.xml, Context.groovy}.
2022-05-19 18:35:43.913  INFO 9327 --- [    Test worker] t.c.s.AnnotationConfigContextLoaderUtils : Could not detect default configuration classes for test class [com.example.book.springboot.web.HelloControllerTest]: HelloControllerTest does not declare any static, non-private, non-final, nested classes annotated with @Configuration.
2022-05-19 18:35:43.932  INFO 9327 --- [    Test worker] .b.t.c.SpringBootTestContextBootstrapper : Found @SpringBootConfiguration com.example.book.springboot.Application for test class com.example.book.springboot.web.HelloControllerTest
2022-05-19 18:35:43.932  INFO 9327 --- [    Test worker] .b.t.a.w.s.WebMvcTestContextBootstrapper : Loaded default TestExecutionListener class names from location [META-INF/spring.factories]: [org.springframework.security.test.context.support.WithSecurityContextTestExecutionListener, org.springframework.security.test.context.support.ReactorContextTestExecutionListener, org.springframework.boot.test.autoconfigure.restdocs.RestDocsTestExecutionListener, org.springframework.boot.test.autoconfigure.web.client.MockRestServiceServerResetTestExecutionListener, org.springframework.boot.test.autoconfigure.web.servlet.MockMvcPrintOnlyOnFailureTestExecutionListener, org.springframework.boot.test.autoconfigure.web.servlet.WebDriverTestExecutionListener, org.springframework.boot.test.autoconfigure.webservices.client.MockWebServiceServerTestExecutionListener, org.springframework.boot.test.mock.mockito.MockitoTestExecutionListener, org.springframework.boot.test.mock.mockito.ResetMocksTestExecutionListener, org.springframework.test.context.web.ServletTestExecutionListener, org.springframework.test.context.support.DirtiesContextBeforeModesTestExecutionListener, org.springframework.test.context.event.ApplicationEventsTestExecutionListener, org.springframework.test.context.support.DependencyInjectionTestExecutionListener, org.springframework.test.context.support.DirtiesContextTestExecutionListener, org.springframework.test.context.transaction.TransactionalTestExecutionListener, org.springframework.test.context.jdbc.SqlScriptsTestExecutionListener, org.springframework.test.context.event.EventPublishingTestExecutionListener]
2022-05-19 18:35:43.933  INFO 9327 --- [    Test worker] .b.t.a.w.s.WebMvcTestContextBootstrapper : Using TestExecutionListeners: [org.springframework.test.context.web.ServletTestExecutionListener@7bd6c35e, org.springframework.test.context.support.DirtiesContextBeforeModesTestExecutionListener@564e0a6c, org.springframework.test.context.event.ApplicationEventsTestExecutionListener@5eabcf77, org.springframework.boot.test.mock.mockito.MockitoTestExecutionListener@647468a7, org.springframework.boot.test.autoconfigure.SpringBootDependencyInjectionTestExecutionListener@29f58b44, org.springframework.test.context.support.DirtiesContextTestExecutionListener@fcee97c, org.springframework.test.context.transaction.TransactionalTestExecutionListener@f1e5f85, org.springframework.test.context.jdbc.SqlScriptsTestExecutionListener@48682f91, org.springframework.security.test.context.support.WithSecurityContextTestExecutionListener@4dc23273, org.springframework.test.context.event.EventPublishingTestExecutionListener@35bfa7be, org.springframework.security.test.context.support.ReactorContextTestExecutionListener@482034fb, org.springframework.boot.test.autoconfigure.restdocs.RestDocsTestExecutionListener@41bd8ec9, org.springframework.boot.test.autoconfigure.web.client.MockRestServiceServerResetTestExecutionListener@1d306d27, org.springframework.boot.test.autoconfigure.web.servlet.MockMvcPrintOnlyOnFailureTestExecutionListener@557abb68, org.springframework.boot.test.autoconfigure.web.servlet.WebDriverTestExecutionListener@1cb4cad0, org.springframework.boot.test.autoconfigure.webservices.client.MockWebServiceServerTestExecutionListener@3152d449, org.springframework.boot.test.mock.mockito.ResetMocksTestExecutionListener@2f95ce11]

  .   ____          _            __ _ _
 /\\ / ___'_ __ _ _(_)_ __  __ _ \ \ \ \
( ( )\___ | '_ | '_| | '_ \/ _` | \ \ \ \
 \\/  ___)| |_)| | | | | || (_| |  ) ) ) )
  '  |____| .__|_| |_|_| |_\__, | / / / /
 =========|_|==============|___/=/_/_/_/
 :: Spring Boot ::                (v2.6.5)

2022-05-19 18:35:43.967  INFO 9327 --- [    Test worker] c.e.b.s.web.HelloControllerTest          : Starting HelloControllerTest using Java 11.0.14.1 on gimseongtaeui-MacBookAir.local with PID 9327 (started by kimseongtae in /Users/kimseongtae/Intellij-workspace/book)
2022-05-19 18:35:43.967  INFO 9327 --- [    Test worker] c.e.b.s.web.HelloControllerTest          : The following 1 profile is active: "oauth"
2022-05-19 18:35:44.160  INFO 9327 --- [    Test worker] o.s.b.a.w.s.WelcomePageHandlerMapping    : Adding welcome page template: index
2022-05-19 18:35:44.254  INFO 9327 --- [    Test worker] o.s.s.web.DefaultSecurityFilterChain     : Will not secure any request
2022-05-19 18:35:44.283  INFO 9327 --- [    Test worker] o.s.b.t.m.w.SpringBootMockServletContext : Initializing Spring TestDispatcherServlet ''
2022-05-19 18:35:44.283  INFO 9327 --- [    Test worker] o.s.t.web.servlet.TestDispatcherServlet  : Initializing Servlet ''
2022-05-19 18:35:44.283  INFO 9327 --- [    Test worker] o.s.t.web.servlet.TestDispatcherServlet  : Completed initialization in 0 ms
2022-05-19 18:35:44.291  INFO 9327 --- [    Test worker] c.e.b.s.web.HelloControllerTest          : Started HelloControllerTest in 0.354 seconds (JVM running for 7.789)
]]></system-out>
  <system-err><![CDATA[]]></system-err>
</testsuite>
