<?xml version="1.0" encoding="UTF-8"?>
<testsuite name="com.example.book.springboot.web.IndexControllerTest" tests="1" skipped="0" failures="0" errors="0" timestamp="2022-05-02T08:15:14" hostname="gimseongtaeui-MacBookAir.local" time="0.123">
  <properties/>
  <testcase name="메인페이지_로딩()" classname="com.example.book.springboot.web.IndexControllerTest" time="0.123"/>
  <system-out><![CDATA[2022-05-02 17:15:12.526  INFO 1818 --- [    Test worker] .b.t.c.SpringBootTestContextBootstrapper : Neither @ContextConfiguration nor @ContextHierarchy found for test class [com.example.book.springboot.web.IndexControllerTest], using SpringBootContextLoader
2022-05-02 17:15:12.527  INFO 1818 --- [    Test worker] o.s.t.c.support.AbstractContextLoader    : Could not detect default resource locations for test class [com.example.book.springboot.web.IndexControllerTest]: no resource found for suffixes {-context.xml, Context.groovy}.
2022-05-02 17:15:12.527  INFO 1818 --- [    Test worker] t.c.s.AnnotationConfigContextLoaderUtils : Could not detect default configuration classes for test class [com.example.book.springboot.web.IndexControllerTest]: IndexControllerTest does not declare any static, non-private, non-final, nested classes annotated with @Configuration.
2022-05-02 17:15:12.528  INFO 1818 --- [    Test worker] .b.t.c.SpringBootTestContextBootstrapper : Found @SpringBootConfiguration com.example.book.springboot.Application for test class com.example.book.springboot.web.IndexControllerTest
2022-05-02 17:15:12.530  INFO 1818 --- [    Test worker] .b.t.c.SpringBootTestContextBootstrapper : Loaded default TestExecutionListener class names from location [META-INF/spring.factories]: [org.springframework.security.test.context.support.WithSecurityContextTestExecutionListener, org.springframework.security.test.context.support.ReactorContextTestExecutionListener, org.springframework.boot.test.autoconfigure.restdocs.RestDocsTestExecutionListener, org.springframework.boot.test.autoconfigure.web.client.MockRestServiceServerResetTestExecutionListener, org.springframework.boot.test.autoconfigure.web.servlet.MockMvcPrintOnlyOnFailureTestExecutionListener, org.springframework.boot.test.autoconfigure.web.servlet.WebDriverTestExecutionListener, org.springframework.boot.test.autoconfigure.webservices.client.MockWebServiceServerTestExecutionListener, org.springframework.boot.test.mock.mockito.MockitoTestExecutionListener, org.springframework.boot.test.mock.mockito.ResetMocksTestExecutionListener, org.springframework.test.context.web.ServletTestExecutionListener, org.springframework.test.context.support.DirtiesContextBeforeModesTestExecutionListener, org.springframework.test.context.event.ApplicationEventsTestExecutionListener, org.springframework.test.context.support.DependencyInjectionTestExecutionListener, org.springframework.test.context.support.DirtiesContextTestExecutionListener, org.springframework.test.context.transaction.TransactionalTestExecutionListener, org.springframework.test.context.jdbc.SqlScriptsTestExecutionListener, org.springframework.test.context.event.EventPublishingTestExecutionListener]
2022-05-02 17:15:12.530  INFO 1818 --- [    Test worker] .b.t.c.SpringBootTestContextBootstrapper : Using TestExecutionListeners: [org.springframework.test.context.web.ServletTestExecutionListener@6de33fde, org.springframework.test.context.support.DirtiesContextBeforeModesTestExecutionListener@69c33ea2, org.springframework.test.context.event.ApplicationEventsTestExecutionListener@59e0d521, org.springframework.boot.test.mock.mockito.MockitoTestExecutionListener@2e3900dc, org.springframework.boot.test.autoconfigure.SpringBootDependencyInjectionTestExecutionListener@5ad0c70a, org.springframework.test.context.support.DirtiesContextTestExecutionListener@2a16d4dc, org.springframework.test.context.transaction.TransactionalTestExecutionListener@75805562, org.springframework.test.context.jdbc.SqlScriptsTestExecutionListener@13d984ee, org.springframework.security.test.context.support.WithSecurityContextTestExecutionListener@4fedf908, org.springframework.test.context.event.EventPublishingTestExecutionListener@5341641d, org.springframework.security.test.context.support.ReactorContextTestExecutionListener@241d1052, org.springframework.boot.test.autoconfigure.restdocs.RestDocsTestExecutionListener@7b3c0ecb, org.springframework.boot.test.autoconfigure.web.client.MockRestServiceServerResetTestExecutionListener@5bb99d1d, org.springframework.boot.test.autoconfigure.web.servlet.MockMvcPrintOnlyOnFailureTestExecutionListener@3006bfb, org.springframework.boot.test.autoconfigure.web.servlet.WebDriverTestExecutionListener@4fd37449, org.springframework.boot.test.autoconfigure.webservices.client.MockWebServiceServerTestExecutionListener@5402612e, org.springframework.boot.test.mock.mockito.ResetMocksTestExecutionListener@43445fc6]

  .   ____          _            __ _ _
 /\\ / ___'_ __ _ _(_)_ __  __ _ \ \ \ \
( ( )\___ | '_ | '_| | '_ \/ _` | \ \ \ \
 \\/  ___)| |_)| | | | | || (_| |  ) ) ) )
  '  |____| .__|_| |_|_| |_\__, | / / / /
 =========|_|==============|___/=/_/_/_/
 :: Spring Boot ::                (v2.6.5)

2022-05-02 17:15:12.553  INFO 1818 --- [    Test worker] c.e.b.s.web.IndexControllerTest          : Starting IndexControllerTest using Java 11.0.14.1 on gimseongtaeui-MacBookAir.local with PID 1818 (started by kimseongtae in /Users/kimseongtae/Intellij-workspace/book)
2022-05-02 17:15:12.553  INFO 1818 --- [    Test worker] c.e.b.s.web.IndexControllerTest          : The following 1 profile is active: "oauth"
2022-05-02 17:15:12.744  INFO 1818 --- [    Test worker] .s.d.r.c.RepositoryConfigurationDelegate : Bootstrapping Spring Data JPA repositories in DEFAULT mode.
2022-05-02 17:15:12.769  INFO 1818 --- [    Test worker] .s.d.r.c.RepositoryConfigurationDelegate : Finished Spring Data repository scanning in 20 ms. Found 2 JPA repository interfaces.
2022-05-02 17:15:13.004  INFO 1818 --- [    Test worker] o.s.b.w.embedded.tomcat.TomcatWebServer  : Tomcat initialized with port(s): 0 (http)
2022-05-02 17:15:13.010  INFO 1818 --- [    Test worker] o.apache.catalina.core.StandardService   : Starting service [Tomcat]
2022-05-02 17:15:13.011  INFO 1818 --- [    Test worker] org.apache.catalina.core.StandardEngine  : Starting Servlet engine: [Apache Tomcat/9.0.60]
2022-05-02 17:15:13.093  INFO 1818 --- [    Test worker] o.a.c.c.C.[Tomcat].[localhost].[/]       : Initializing Spring embedded WebApplicationContext
2022-05-02 17:15:13.093  INFO 1818 --- [    Test worker] w.s.c.ServletWebServerApplicationContext : Root WebApplicationContext: initialization completed in 539 ms
2022-05-02 17:15:13.113  INFO 1818 --- [    Test worker] com.zaxxer.hikari.HikariDataSource       : HikariPool-1 - Starting...
2022-05-02 17:15:13.206  INFO 1818 --- [    Test worker] com.zaxxer.hikari.HikariDataSource       : HikariPool-1 - Start completed.
2022-05-02 17:15:13.214  INFO 1818 --- [    Test worker] o.s.b.a.h2.H2ConsoleAutoConfiguration    : H2 console available at '/h2-console'. Database available at 'jdbc:h2:mem:testdb'
2022-05-02 17:15:13.379  INFO 1818 --- [    Test worker] o.hibernate.jpa.internal.util.LogHelper  : HHH000204: Processing PersistenceUnitInfo [name: default]
2022-05-02 17:15:13.417  INFO 1818 --- [    Test worker] org.hibernate.Version                    : HHH000412: Hibernate ORM core version 5.6.7.Final
2022-05-02 17:15:13.445  INFO 1818 --- [    Test worker] o.hibernate.annotations.common.Version   : HCANN000001: Hibernate Commons Annotations {5.1.2.Final}
2022-05-02 17:15:13.514  INFO 1818 --- [    Test worker] org.hibernate.dialect.Dialect            : HHH000400: Using dialect: org.hibernate.dialect.MySQL57Dialect
Hibernate: drop table if exists posts
Hibernate: drop table if exists user
Hibernate: create table posts (id bigint not null auto_increment, created_date datetime(6), modified_date datetime(6), author varchar(255), content TEXT not null, title varchar(500) not null, primary key (id)) engine=InnoDB
Hibernate: create table user (id bigint not null auto_increment, created_date datetime(6), modified_date datetime(6), email varchar(255) not null, name varchar(255) not null, picture varchar(255), role varchar(255), primary key (id)) engine=InnoDB
2022-05-02 17:15:13.796  INFO 1818 --- [    Test worker] o.h.e.t.j.p.i.JtaPlatformInitiator       : HHH000490: Using JtaPlatform implementation: [org.hibernate.engine.transaction.jta.platform.internal.NoJtaPlatform]
2022-05-02 17:15:13.802  INFO 1818 --- [    Test worker] j.LocalContainerEntityManagerFactoryBean : Initialized JPA EntityManagerFactory for persistence unit 'default'
2022-05-02 17:15:14.029  WARN 1818 --- [    Test worker] JpaBaseConfiguration$JpaWebConfiguration : spring.jpa.open-in-view is enabled by default. Therefore, database queries may be performed during view rendering. Explicitly configure spring.jpa.open-in-view to disable this warning
2022-05-02 17:15:14.160  INFO 1818 --- [    Test worker] o.s.s.web.DefaultSecurityFilterChain     : Will not secure any request
2022-05-02 17:15:14.218  INFO 1818 --- [    Test worker] o.s.b.a.w.s.WelcomePageHandlerMapping    : Adding welcome page template: index
2022-05-02 17:15:14.302  INFO 1818 --- [    Test worker] o.s.b.w.embedded.tomcat.TomcatWebServer  : Tomcat started on port(s): 49792 (http) with context path ''
2022-05-02 17:15:14.313  INFO 1818 --- [    Test worker] s.a.ScheduledAnnotationBeanPostProcessor : No TaskScheduler/ScheduledExecutorService bean found for scheduled processing
2022-05-02 17:15:14.316  INFO 1818 --- [    Test worker] c.e.b.s.web.IndexControllerTest          : Started IndexControllerTest in 1.784 seconds (JVM running for 3.788)
2022-05-02 17:15:14.362  INFO 1818 --- [o-auto-1-exec-1] o.a.c.c.C.[Tomcat].[localhost].[/]       : Initializing Spring DispatcherServlet 'dispatcherServlet'
2022-05-02 17:15:14.362  INFO 1818 --- [o-auto-1-exec-1] o.s.web.servlet.DispatcherServlet        : Initializing Servlet 'dispatcherServlet'
2022-05-02 17:15:14.363  INFO 1818 --- [o-auto-1-exec-1] o.s.web.servlet.DispatcherServlet        : Completed initialization in 1 ms
Hibernate: select posts0_.id as id1_0_, posts0_.created_date as created_2_0_, posts0_.modified_date as modified3_0_, posts0_.author as author4_0_, posts0_.content as content5_0_, posts0_.title as title6_0_ from posts posts0_ order by posts0_.id DESC
]]></system-out>
  <system-err><![CDATA[]]></system-err>
</testsuite>
